<?xml version="1.0" encoding="UTF-8"?>
<testsuite xmlns:xsi="http://www.w3.org/2001/XMLSchema-instance" xsi:noNamespaceSchemaLocation="https://maven.apache.org/surefire/maven-surefire-plugin/xsd/surefire-test-report.xsd" version="3.0.2" name="com.ejemplo.api.ApiSaludoApplicationTests" time="4.116" tests="1" errors="0" skipped="0" failures="0">
  <properties>
[...]
</properties>
  <testcase name="contextLoads" classname="com.ejemplo.api.ApiSaludoApplicationTests" time="1.048">
    <system-out><![CDATA[18:28:38.197 [main] INFO org.springframework.test.context.support.AnnotationConfigContextLoaderUtils -- Could not detect default configuration classes for test class [com.ejemplo.api.ApiSaludoApplicationTests]: ApiSaludoApplicationTests does not declare any static, non-private, non-final, nested classes annotated with @Configuration.
18:28:38.444 [main] INFO org.springframework.boot.test.context.SpringBootTestContextBootstrapper -- Found @SpringBootConfiguration com.ejemplo.api.ApiSaludoApplication for test class com.ejemplo.api.ApiSaludoApplicationTests

  .   ____          _            __ _ _
 /\\ / ___'_ __ _ _(_)_ __  __ _ \ \ \ \
( ( )\___ | '_ | '_| | '_ \/ _` | \ \ \ \
 \\/  ___)| |_)| | | | | || (_| |  ) ) ) )
  '  |____| .__|_| |_|_| |_\__, | / / / /
 =========|_|==============|___/=/_/_/_/

 :: Spring Boot ::       (v3.5.4-SNAPSHOT)

2025-06-27T18:28:39.244-06:00  INFO 7412 --- [api-saludo] [           main] c.ejemplo.api.ApiSaludoApplicationTests  : Starting ApiSaludoApplicationTests using Java 23.0.2 with PID 7412 (started by brain7u7 in D:\Users\quint\Desktop\WEB FRAMEWORKS DEVELOPMENT\actividad Render\api-saludo)
2025-06-27T18:28:39.246-06:00  INFO 7412 --- [api-saludo] [           main] c.ejemplo.api.ApiSaludoApplicationTests  : No active profile set, falling back to 1 default profile: "default"
2025-06-27T18:28:40.996-06:00  INFO 7412 --- [api-saludo] [           main] c.ejemplo.api.ApiSaludoApplicationTests  : Started ApiSaludoApplicationTests in 2.263 seconds (process running for 4.106)
]]></system-out>
    <system-err><![CDATA[Mockito is currently self-attaching to enable the inline-mock-maker. This will no longer work in future releases of the JDK. Please add Mockito as an agent to your build as described in Mockito's documentation: https://javadoc.io/doc/org.mockito/mockito-core/latest/org.mockito/org/mockito/Mockito.html#0.3
WARNING: A Java agent has been loaded dynamically (C:\Users\quint\.m2\repository\net\bytebuddy\byte-buddy-agent\1.17.6\byte-buddy-agent-1.17.6.jar)
WARNING: If a serviceability tool is in use, please run with -XX:+EnableDynamicAgentLoading to hide this warning
WARNING: If a serviceability tool is not in use, please run with -Djdk.instrument.traceUsage for more information
WARNING: Dynamic loading of agents will be disallowed by default in a future release
]]></system-err>
  </testcase>
</testsuite>